#
# There is insufficient memory for the Java Runtime Environment to continue.
# Native memory allocation (malloc) failed to allocate 347856 bytes for Chunk::new
# Possible reasons:
#   The system is out of physical RAM or swap space
#   In 32 bit mode, the process size limit was hit
# Possible solutions:
#   Reduce memory load on the system
#   Increase physical memory or swap space
#   Check if swap backing store is full
#   Use 64 bit Java on a 64 bit OS
#   Decrease Java heap size (-Xmx/-Xms)
#   Decrease number of Java threads
#   Decrease Java thread stack sizes (-Xss)
#   Set larger code cache with -XX:ReservedCodeCacheSize=
# This output file may be truncated or incomplete.
#
#  Out of Memory Error (allocation.cpp:390), pid=9604, tid=0x0000000000002768
#
# JRE version: Java(TM) SE Runtime Environment (8.0_111-b14) (build 1.8.0_111-b14)
# Java VM: Java HotSpot(TM) 64-Bit Server VM (25.111-b14 mixed mode windows-amd64 compressed oops)
# Failed to write core dump. Minidumps are not enabled by default on client versions of Windows
#

---------------  T H R E A D  ---------------

Current thread (0x0000000017c0f800):  JavaThread "C2 CompilerThread0" daemon [_thread_in_native, id=10088, stack(0x0000000019270000,0x0000000019370000)]

Stack: [0x0000000019270000,0x0000000019370000]
[error occurred during error reporting (printing stack bounds), id 0xc0000005]

Native frames: (J=compiled Java code, j=interpreted, Vv=VM code, C=native code)


Current CompileTask:
C2:   7043 2368       4       org.hibernate.loader.Loader::getRow (166 bytes)


---------------  P R O C E S S  ---------------

Java Threads: ( => current thread )
  0x0000000024297800 JavaThread "pool-2-thread-1" [_thread_blocked, id=2064, stack(0x0000000025850000,0x0000000025950000)]
  0x000000001a4ab800 JavaThread "Abandoned connection cleanup thread" daemon [_thread_blocked, id=1064, stack(0x0000000025550000,0x0000000025650000)]
  0x0000000019f7c000 JavaThread "Prism Font Disposer" daemon [_thread_blocked, id=2068, stack(0x00000000218e0000,0x00000000219e0000)]
  0x0000000019d4f800 JavaThread "Thread-3" daemon [_thread_in_native, id=16476, stack(0x000000001f2d0000,0x000000001f3d0000)]
  0x0000000019d52000 JavaThread "JavaFX-Launcher" [_thread_blocked, id=4448, stack(0x000000001f3d0000,0x000000001f4d0000)]
  0x0000000019cc7800 JavaThread "JavaFX Application Thread" [_thread_in_Java, id=10076, stack(0x000000001a900000,0x000000001aa00000)]
  0x0000000019cba800 JavaThread "Thread-1" daemon [_thread_blocked, id=8984, stack(0x000000001a800000,0x000000001a900000)]
  0x0000000019856000 JavaThread "QuantumRenderer-0" daemon [_thread_blocked, id=8424, stack(0x000000001a4b0000,0x000000001a5b0000)]
  0x0000000017c6c000 JavaThread "Service Thread" daemon [_thread_blocked, id=13900, stack(0x0000000019970000,0x0000000019a70000)]
  0x0000000017c64000 JavaThread "C1 CompilerThread2" daemon [_thread_blocked, id=5852, stack(0x0000000019870000,0x0000000019970000)]
  0x0000000017c61000 JavaThread "C2 CompilerThread1" daemon [_thread_in_native, id=12824, stack(0x0000000019370000,0x0000000019470000)]
=>0x0000000017c0f800 JavaThread "C2 CompilerThread0" daemon [_thread_in_native, id=10088, stack(0x0000000019270000,0x0000000019370000)]
  0x0000000017c0e000 JavaThread "Attach Listener" daemon [_thread_blocked, id=11784, stack(0x0000000019170000,0x0000000019270000)]
  0x0000000017c0a800 JavaThread "Signal Dispatcher" daemon [_thread_blocked, id=6532, stack(0x0000000019070000,0x0000000019170000)]
  0x0000000017bfa800 JavaThread "Finalizer" daemon [_thread_blocked, id=7796, stack(0x0000000018e70000,0x0000000018f70000)]
  0x00000000030a1800 JavaThread "Reference Handler" daemon [_thread_blocked, id=3040, stack(0x0000000018d70000,0x0000000018e70000)]
  0x0000000002fae000 JavaThread "main" [_thread_blocked, id=3464, stack(0x0000000002de0000,0x0000000002ee0000)]

Other Threads:
  0x0000000017bd6800 VMThread [stack: 0x0000000018c70000,0x0000000018d70000] [id=16432]
  0x000000001949b800 WatcherThread [stack: 0x0000000019bb0000,0x0000000019cb0000] [id=6884]

VM state:not at safepoint (normal execution)

VM Mutex/Monitor currently owned by a thread: None

Heap:
 PSYoungGen      total 71680K, used 23506K [0x00000000d5d00000, 0x00000000e0f80000, 0x0000000100000000)
  eden space 66560K, 35% used [0x00000000d5d00000,0x00000000d73f4b20,0x00000000d9e00000)
  from space 5120K, 0% used [0x00000000d9e00000,0x00000000d9e00000,0x00000000da300000)
  to   space 41472K, 0% used [0x00000000de700000,0x00000000de700000,0x00000000e0f80000)
 ParOldGen       total 66560K, used 66462K [0x0000000081600000, 0x0000000085700000, 0x00000000d5d00000)
  object space 66560K, 99% used [0x0000000081600000,0x00000000856e7bb8,0x0000000085700000)
 Metaspace       used 30086K, capacity 30874K, committed 30976K, reserved 1075200K
  class space    used 4116K, capacity 4304K, committed 4352K, reserved 1048576K

Card table byte_map: [0x0000000012470000,0x0000000012870000] byte_map_base: 0x0000000012065000

Marking Bits: (ParMarkBitMap*) 0x000000005cd4a6c0
 Begin Bits: [0x0000000012f20000, 0x0000000014ec8000)
 End Bits:   [0x0000000014ec8000, 0x0000000016e70000)

Polling page: 0x00000000014d0000

CodeCache: size=245760Kb used=7579Kb max_used=7594Kb free=238180Kb
 bounds [0x00000000030b0000, 0x0000000003830000, 0x00000000120b0000]
 total_blobs=3150 nmethods=2369 adapters=693
 compilation: enabled

Compilation events (10 events):
Event: 6.582 Thread 0x0000000017c64000 2375       3       sun.misc.FDBigInteger::valueOfMulPow52 (449 bytes)
Event: 6.583 Thread 0x0000000017c64000 nmethod 2375 0x00000000038162d0 code [0x0000000003816580, 0x0000000003817878]
Event: 6.583 Thread 0x0000000017c64000 2376       3       sun.misc.FloatingDecimal$ASCIIToBinaryBuffer::floatValue (1087 bytes)
Event: 6.587 Thread 0x0000000017c64000 nmethod 2376 0x0000000003818350 code [0x0000000003818760, 0x000000000381a588]
Event: 6.587 Thread 0x0000000017c64000 2377       3       sun.misc.FDBigInteger::makeImmutable (6 bytes)
Event: 6.587 Thread 0x0000000017c64000 nmethod 2377 0x000000000380c010 code [0x000000000380c160, 0x000000000380c2b0]
Event: 6.587 Thread 0x0000000017c64000 2378       3       java.lang.Integer::numberOfTrailingZeros (79 bytes)
Event: 6.587 Thread 0x0000000017c64000 nmethod 2378 0x000000000380bb90 code [0x000000000380bd00, 0x000000000380bfb0]
Event: 6.592 Thread 0x0000000017c61000 nmethod 2366 0x000000000381e350 code [0x000000000381e540, 0x000000000381f3b8]
Event: 6.592 Thread 0x0000000017c61000 2371       4       org.hibernate.loader.Loader::getRowFromResultSet (198 bytes)

GC Heap History (10 events):
Event: 3.375 GC heap before
{Heap before GC invocations=4 (full 1):
 PSYoungGen      total 38400K, used 5097K [0x00000000d5d00000, 0x00000000da800000, 0x0000000100000000)
  eden space 33280K, 0% used [0x00000000d5d00000,0x00000000d5d00000,0x00000000d7d80000)
  from space 5120K, 99% used [0x00000000d7d80000,0x00000000d827a600,0x00000000d8280000)
  to   space 5120K, 0% used [0x00000000da300000,0x00000000da300000,0x00000000da800000)
 ParOldGen       total 87552K, used 12618K [0x0000000081600000, 0x0000000086b80000, 0x00000000d5d00000)
  object space 87552K, 14% used [0x0000000081600000,0x00000000822528f0,0x0000000086b80000)
 Metaspace       used 20470K, capacity 21160K, committed 21296K, reserved 1067008K
  class space    used 2939K, capacity 3117K, committed 3200K, reserved 1048576K
Event: 3.410 GC heap after
Heap after GC invocations=4 (full 1):
 PSYoungGen      total 38400K, used 0K [0x00000000d5d00000, 0x00000000da800000, 0x0000000100000000)
  eden space 33280K, 0% used [0x00000000d5d00000,0x00000000d5d00000,0x00000000d7d80000)
  from space 5120K, 0% used [0x00000000d7d80000,0x00000000d7d80000,0x00000000d8280000)
  to   space 5120K, 0% used [0x00000000da300000,0x00000000da300000,0x00000000da800000)
 ParOldGen       total 66560K, used 13848K [0x0000000081600000, 0x0000000085700000, 0x00000000d5d00000)
  object space 66560K, 20% used [0x0000000081600000,0x00000000823860b0,0x0000000085700000)
 Metaspace       used 20470K, capacity 21160K, committed 21296K, reserved 1067008K
  class space    used 2939K, capacity 3117K, committed 3200K, reserved 1048576K
}
Event: 4.999 GC heap before
{Heap before GC invocations=5 (full 1):
 PSYoungGen      total 38400K, used 33280K [0x00000000d5d00000, 0x00000000da800000, 0x0000000100000000)
  eden space 33280K, 100% used [0x00000000d5d00000,0x00000000d7d80000,0x00000000d7d80000)
  from space 5120K, 0% used [0x00000000d7d80000,0x00000000d7d80000,0x00000000d8280000)
  to   space 5120K, 0% used [0x00000000da300000,0x00000000da300000,0x00000000da800000)
 ParOldGen       total 66560K, used 13848K [0x0000000081600000, 0x0000000085700000, 0x00000000d5d00000)
  object space 66560K, 20% used [0x0000000081600000,0x00000000823860b0,0x0000000085700000)
 Metaspace       used 28216K, capacity 29006K, committed 29312K, reserved 1075200K
  class space    used 3916K, capacity 4110K, committed 4224K, reserved 1048576K
Event: 5.011 GC heap after
Heap after GC invocations=5 (full 1):
 PSYoungGen      total 61440K, used 5104K [0x00000000d5d00000, 0x00000000da800000, 0x0000000100000000)
  eden space 56320K, 0% used [0x00000000d5d00000,0x00000000d5d00000,0x00000000d9400000)
  from space 5120K, 99% used [0x00000000da300000,0x00000000da7fc100,0x00000000da800000)
  to   space 5120K, 0% used [0x00000000d9e00000,0x00000000d9e00000,0x00000000da300000)
 ParOldGen       total 66560K, used 15396K [0x0000000081600000, 0x0000000085700000, 0x00000000d5d00000)
  object space 66560K, 23% used [0x0000000081600000,0x0000000082509228,0x0000000085700000)
 Metaspace       used 28216K, capacity 29006K, committed 29312K, reserved 1075200K
  class space    used 3916K, capacity 4110K, committed 4224K, reserved 1048576K
}
Event: 5.757 GC heap before
{Heap before GC invocations=6 (full 1):
 PSYoungGen      total 61440K, used 61424K [0x00000000d5d00000, 0x00000000da800000, 0x0000000100000000)
  eden space 56320K, 100% used [0x00000000d5d00000,0x00000000d9400000,0x00000000d9400000)
  from space 5120K, 99% used [0x00000000da300000,0x00000000da7fc100,0x00000000da800000)
  to   space 5120K, 0% used [0x00000000d9e00000,0x00000000d9e00000,0x00000000da300000)
 ParOldGen       total 66560K, used 15396K [0x0000000081600000, 0x0000000085700000, 0x00000000d5d00000)
  object space 66560K, 23% used [0x0000000081600000,0x0000000082509228,0x0000000085700000)
 Metaspace       used 29881K, capacity 30606K, committed 30720K, reserved 1075200K
  class space    used 4106K, capacity 4302K, committed 4352K, reserved 1048576K
Event: 5.819 GC heap after
Heap after GC invocations=6 (full 1):
 PSYoungGen      total 71680K, used 5112K [0x00000000d5d00000, 0x00000000e0f80000, 0x0000000100000000)
  eden space 66560K, 0% used [0x00000000d5d00000,0x00000000d5d00000,0x00000000d9e00000)
  from space 5120K, 99% used [0x00000000d9e00000,0x00000000da2fe3c8,0x00000000da300000)
  to   space 41472K, 0% used [0x00000000de700000,0x00000000de700000,0x00000000e0f80000)
 ParOldGen       total 66560K, used 61406K [0x0000000081600000, 0x0000000085700000, 0x00000000d5d00000)
  object space 66560K, 92% used [0x0000000081600000,0x00000000851f7828,0x0000000085700000)
 Metaspace       used 29881K, capacity 30606K, committed 30720K, reserved 1075200K
  class space    used 4106K, capacity 4302K, committed 4352K, reserved 1048576K
}
Event: 5.819 GC heap before
{Heap before GC invocations=7 (full 2):
 PSYoungGen      total 71680K, used 5112K [0x00000000d5d00000, 0x00000000e0f80000, 0x0000000100000000)
  eden space 66560K, 0% used [0x00000000d5d00000,0x00000000d5d00000,0x00000000d9e00000)
  from space 5120K, 99% used [0x00000000d9e00000,0x00000000da2fe3c8,0x00000000da300000)
  to   space 41472K, 0% used [0x00000000de700000,0x00000000de700000,0x00000000e0f80000)
 ParOldGen       total 66560K, used 61406K [0x0000000081600000, 0x0000000085700000, 0x00000000d5d00000)
  object space 66560K, 92% used [0x0000000081600000,0x00000000851f7828,0x0000000085700000)
 Metaspace       used 29881K, capacity 30606K, committed 30720K, reserved 1075200K
  class space    used 4106K, capacity 4302K, committed 4352K, reserved 1048576K
Event: 6.237 GC heap after
Heap after GC invocations=7 (full 2):
 PSYoungGen      total 71680K, used 0K [0x00000000d5d00000, 0x00000000e0f80000, 0x0000000100000000)
  eden space 66560K, 0% used [0x00000000d5d00000,0x00000000d5d00000,0x00000000d9e00000)
  from space 5120K, 0% used [0x00000000d9e00000,0x00000000d9e00000,0x00000000da300000)
  to   space 41472K, 0% used [0x00000000de700000,0x00000000de700000,0x00000000e0f80000)
 ParOldGen       total 66560K, used 64087K [0x0000000081600000, 0x0000000085700000, 0x00000000d5d00000)
  object space 66560K, 96% used [0x0000000081600000,0x0000000085495e78,0x0000000085700000)
 Metaspace       used 29881K, capacity 30606K, committed 30720K, reserved 1075200K
  class space    used 4106K, capacity 4302K, committed 4352K, reserved 1048576K
}
Event: 6.599 GC heap before
{Heap before GC invocations=8 (full 3):
 PSYoungGen      total 71680K, used 66560K [0x00000000d5d00000, 0x00000000e0f80000, 0x0000000100000000)
  eden space 66560K, 100% used [0x00000000d5d00000,0x00000000d9e00000,0x00000000d9e00000)
  from space 5120K, 0% used [0x00000000d9e00000,0x00000000d9e00000,0x00000000da300000)
  to   space 41472K, 0% used [0x00000000de700000,0x00000000de700000,0x00000000e0f80000)
 ParOldGen       total 66560K, used 64087K [0x0000000081600000, 0x0000000085700000, 0x00000000d5d00000)
  object space 66560K, 96% used [0x0000000081600000,0x0000000085495e78,0x0000000085700000)
 Metaspace       used 30086K, capacity 30874K, committed 30976K, reserved 1075200K
  class space    used 4116K, capacity 4304K, committed 4352K, reserved 1048576K
Event: 7.030 GC heap after
Heap after GC invocations=8 (full 3):
 PSYoungGen      total 71680K, used 17143K [0x00000000d5d00000, 0x00000000e0f80000, 0x0000000100000000)
  eden space 66560K, 25% used [0x00000000d5d00000,0x00000000d6dbdce0,0x00000000d9e00000)
  from space 5120K, 0% used [0x00000000d9e00000,0x00000000d9e00000,0x00000000da300000)
  to   space 41472K, 0% used [0x00000000de700000,0x00000000de700000,0x00000000e0f80000)
 ParOldGen       total 66560K, used 66462K [0x0000000081600000, 0x0000000085700000, 0x00000000d5d00000)
  object space 66560K, 99% used [0x0000000081600000,0x00000000856e7bb8,0x0000000085700000)
 Metaspace       used 30086K, capacity 30874K, committed 30976K, reserved 1075200K
  class space    used 4116K, capacity 4304K, committed 4352K, reserved 1048576K
}

Deoptimization events (10 events):
Event: 3.839 Thread 0x0000000019cc7800 Uncommon trap: reason=unstable_if action=reinterpret pc=0x000000000353788c method=java.lang.reflect.Method.isDefault()Z @ 19
Event: 3.839 Thread 0x0000000019cc7800 Uncommon trap: reason=unstable_if action=reinterpret pc=0x00000000032c7370 method=java.lang.AbstractStringBuilder.append(Ljava/lang/String;)Ljava/lang/AbstractStringBuilder; @ 1
Event: 5.049 Thread 0x0000000019cc7800 Uncommon trap: reason=unstable_if action=reinterpret pc=0x0000000003287940 method=java.lang.CharacterData.of(I)Ljava/lang/CharacterData; @ 4
Event: 5.090 Thread 0x0000000019cc7800 Uncommon trap: reason=unstable_if action=reinterpret pc=0x00000000035cf500 method=java.lang.String.indexOf([CII[CIII)I @ 27
Event: 5.090 Thread 0x0000000019cc7800 Uncommon trap: reason=unstable_if action=reinterpret pc=0x000000000368d678 method=java.lang.String.indexOf([CII[CIII)I @ 27
Event: 5.671 Thread 0x0000000019cc7800 Uncommon trap: reason=unstable_if action=reinterpret pc=0x00000000036f9234 method=com.mysql.jdbc.MysqlIO.nextRowFast([Lcom/mysql/jdbc/Field;IZIZZZ)Lcom/mysql/jdbc/ResultSetRow; @ 727
Event: 6.261 Thread 0x0000000019cc7800 Uncommon trap: reason=unstable_if action=reinterpret pc=0x0000000003722498 method=com.mysql.jdbc.MysqlIO.nextRowFast([Lcom/mysql/jdbc/Field;IZIZZZ)Lcom/mysql/jdbc/ResultSetRow; @ 310
Event: 6.261 Thread 0x0000000019cc7800 Uncommon trap: reason=unstable_if action=reinterpret pc=0x0000000003723e58 method=com.mysql.jdbc.MysqlIO.readSingleRowSet(JIIZ[Lcom/mysql/jdbc/Field;)Lcom/mysql/jdbc/RowData; @ 80
Event: 6.442 Thread 0x0000000019cc7800 Uncommon trap: reason=unstable_if action=reinterpret pc=0x00000000037db0b8 method=sun.misc.FloatingDecimal$ASCIIToBinaryBuffer.floatValue()F @ 65
Event: 6.582 Thread 0x0000000019cc7800 Uncommon trap: reason=unstable_if action=reinterpret pc=0x000000000380463c method=sun.misc.FloatingDecimal$ASCIIToBinaryBuffer.floatValue()F @ 921

Internal exceptions (10 events):
Event: 0.755 Thread 0x0000000019cc7800 Exception <a 'java/lang/ArrayIndexOutOfBoundsException'> (0x00000000d6d21c90) thrown at [C:\re\workspace\8-2-build-windows-amd64-cygwin\jdk8u111\7883\hotspot\src\share\vm\runtime\sharedRuntime.cpp, line 605]
Event: 0.756 Thread 0x0000000019cc7800 Exception <a 'java/lang/ArrayIndexOutOfBoundsException'> (0x00000000d6d22990) thrown at [C:\re\workspace\8-2-build-windows-amd64-cygwin\jdk8u111\7883\hotspot\src\share\vm\runtime\sharedRuntime.cpp, line 605]
Event: 0.756 Thread 0x0000000019cc7800 Exception <a 'java/lang/ArrayIndexOutOfBoundsException'> (0x00000000d6d23d38) thrown at [C:\re\workspace\8-2-build-windows-amd64-cygwin\jdk8u111\7883\hotspot\src\share\vm\runtime\sharedRuntime.cpp, line 605]
Event: 0.892 Thread 0x0000000019cc7800 Exception <a 'java/lang/ArrayIndexOutOfBoundsException'> (0x00000000d70c5d50) thrown at [C:\re\workspace\8-2-build-windows-amd64-cygwin\jdk8u111\7883\hotspot\src\share\vm\runtime\sharedRuntime.cpp, line 605]
Event: 0.985 Thread 0x0000000019cc7800 Implicit null exception at 0x00000000033a5af5 to 0x00000000033a5d11
Event: 2.842 Thread 0x0000000019cc7800 Exception <a 'java/lang/ArrayIndexOutOfBoundsException': 78> (0x00000000d63b93d0) thrown at [C:\re\workspace\8-2-build-windows-amd64-cygwin\jdk8u111\7883\hotspot\src\share\vm\interpreter\interpreterRuntime.cpp, line 366]
Event: 2.846 Thread 0x0000000019cc7800 Exception <a 'java/lang/ArrayIndexOutOfBoundsException': 75> (0x00000000d63c8dd0) thrown at [C:\re\workspace\8-2-build-windows-amd64-cygwin\jdk8u111\7883\hotspot\src\share\vm\interpreter\interpreterRuntime.cpp, line 366]
Event: 3.550 Thread 0x0000000019cc7800 Implicit null exception at 0x0000000003303956 to 0x0000000003303cf9
Event: 3.839 Thread 0x0000000019cc7800 Exception <a 'java/lang/NullPointerException'> (0x00000000d68e8e18) thrown at [C:\re\workspace\8-2-build-windows-amd64-cygwin\jdk8u111\7883\hotspot\src\share\vm\runtime\reflection.cpp, line 922]
Event: 3.839 Thread 0x0000000019cc7800 Implicit null exception at 0x00000000032c6f94 to 0x00000000032c7359

Events (10 events):
Event: 6.269 loading class org/hibernate/internal/CoreMessageLogger_$logger_en
Event: 6.269 loading class org/hibernate/internal/CoreMessageLogger_$logger_en done
Event: 6.442 Thread 0x0000000019cc7800 Uncommon trap: trap_request=0xffffff65 fr.pc=0x00000000037db0b8
Event: 6.442 Thread 0x0000000019cc7800 DEOPT PACKING pc=0x00000000037db0b8 sp=0x000000001a9faa40
Event: 6.442 Thread 0x0000000019cc7800 DEOPT UNPACKING pc=0x00000000030f582a sp=0x000000001a9fa918 mode 2
Event: 6.582 Thread 0x0000000019cc7800 Uncommon trap: trap_request=0xffffff65 fr.pc=0x000000000380463c
Event: 6.582 Thread 0x0000000019cc7800 DEOPT PACKING pc=0x000000000380463c sp=0x000000001a9fad30
Event: 6.582 Thread 0x0000000019cc7800 DEOPT UNPACKING pc=0x00000000030f582a sp=0x000000001a9fac40 mode 2
Event: 6.599 Executing VM operation: ParallelGCFailedAllocation
Event: 7.030 Executing VM operation: ParallelGCFailedAllocation done


Dynamic libraries:
0x00007ff719070000 - 0x00007ff7190a7000 	C:\Program Files\Java\jdk1.8.0_111\jre\bin\java.exe
0x00007ffe79810000 - 0x00007ffe79a05000 	C:\Windows\SYSTEM32\ntdll.dll
0x00007ffe4a5d0000 - 0x00007ffe4a5e3000 	C:\Program Files\Avast Software\Avast\aswhook.dll
0x00007ffe78a10000 - 0x00007ffe78acd000 	C:\Windows\System32\KERNEL32.DLL
0x00007ffe775b0000 - 0x00007ffe77878000 	C:\Windows\System32\KERNELBASE.dll
0x00007ffe78bf0000 - 0x00007ffe78c9c000 	C:\Windows\System32\ADVAPI32.dll
0x00007ffe79370000 - 0x00007ffe7940e000 	C:\Windows\System32\msvcrt.dll
0x00007ffe78910000 - 0x00007ffe789ab000 	C:\Windows\System32\sechost.dll
0x00007ffe787e0000 - 0x00007ffe7890b000 	C:\Windows\System32\RPCRT4.dll
0x00007ffe78d10000 - 0x00007ffe78eb0000 	C:\Windows\System32\USER32.dll
0x00007ffe76fe0000 - 0x00007ffe77002000 	C:\Windows\System32\win32u.dll
0x00007ffe79410000 - 0x00007ffe7943a000 	C:\Windows\System32\GDI32.dll
0x00007ffe774a0000 - 0x00007ffe775ab000 	C:\Windows\System32\gdi32full.dll
0x00007ffe771c0000 - 0x00007ffe7725d000 	C:\Windows\System32\msvcp_win.dll
0x00007ffe77310000 - 0x00007ffe77410000 	C:\Windows\System32\ucrtbase.dll
0x00007ffe60b70000 - 0x00007ffe60e0a000 	C:\Windows\WinSxS\amd64_microsoft.windows.common-controls_6595b64144ccf1df_6.0.19041.1052_none_60b8f8fd71f5e8cb\COMCTL32.dll
0x00007ffe79440000 - 0x00007ffe79470000 	C:\Windows\System32\IMM32.DLL
0x000000005c450000 - 0x000000005c522000 	C:\Program Files\Java\jdk1.8.0_111\jre\bin\msvcr100.dll
0x000000005c530000 - 0x000000005cdca000 	C:\Program Files\Java\jdk1.8.0_111\jre\bin\server\jvm.dll
0x00007ffe79240000 - 0x00007ffe79248000 	C:\Windows\System32\PSAPI.DLL
0x00007ffe68280000 - 0x00007ffe68289000 	C:\Windows\SYSTEM32\WSOCK32.dll
0x00007ffe79300000 - 0x00007ffe7936b000 	C:\Windows\System32\WS2_32.dll
0x00007ffe6cda0000 - 0x00007ffe6cdc7000 	C:\Windows\SYSTEM32\WINMM.dll
0x00007ffe6edd0000 - 0x00007ffe6edda000 	C:\Windows\SYSTEM32\VERSION.dll
0x000000005c400000 - 0x000000005c40f000 	C:\Program Files\Java\jdk1.8.0_111\jre\bin\verify.dll
0x000000005c3d0000 - 0x000000005c3f9000 	C:\Program Files\Java\jdk1.8.0_111\jre\bin\java.dll
0x000000005c3b0000 - 0x000000005c3c6000 	C:\Program Files\Java\jdk1.8.0_111\jre\bin\zip.dll
0x00007ffe77880000 - 0x00007ffe77fbf000 	C:\Windows\System32\SHELL32.dll
0x00007ffe74af0000 - 0x00007ffe75280000 	C:\Windows\SYSTEM32\windows.storage.dll
0x00007ffe79470000 - 0x00007ffe797c5000 	C:\Windows\System32\combase.dll
0x00007ffe768f0000 - 0x00007ffe7691c000 	C:\Windows\SYSTEM32\Wldp.dll
0x00007ffe78490000 - 0x00007ffe7853e000 	C:\Windows\System32\SHCORE.dll
0x00007ffe77fc0000 - 0x00007ffe78015000 	C:\Windows\System32\shlwapi.dll
0x00007ffe76e90000 - 0x00007ffe76eaf000 	C:\Windows\SYSTEM32\profapi.dll
0x00007ffe14ee0000 - 0x00007ffe14fcf000 	C:\Program Files\Java\jdk1.8.0_111\jre\bin\msvcr120.dll
0x00007ffe14e30000 - 0x00007ffe14ed6000 	C:\Program Files\Java\jdk1.8.0_111\jre\bin\msvcp120.dll
0x000000005bf60000 - 0x000000005bf82000 	C:\Program Files\Java\jdk1.8.0_111\jre\bin\prism_d3d.dll
0x00007ffe45cf0000 - 0x00007ffe45ebe000 	C:\Windows\system32\d3d9.dll
0x00007ffe75820000 - 0x00007ffe75832000 	C:\Windows\SYSTEM32\kernel.appcore.dll
0x00007ffe74580000 - 0x00007ffe745af000 	C:\Windows\SYSTEM32\dwmapi.dll
0x00007ffe74390000 - 0x00007ffe7442e000 	C:\Windows\system32\uxtheme.dll
0x00007ffe1a3e0000 - 0x00007ffe1c91d000 	C:\Windows\SYSTEM32\igdumdim64.dll
0x00007ffe78630000 - 0x00007ffe786fd000 	C:\Windows\System32\OLEAUT32.dll
0x00007ffe79100000 - 0x00007ffe7922a000 	C:\Windows\System32\ole32.dll
0x00007ffe78020000 - 0x00007ffe78489000 	C:\Windows\System32\SETUPAPI.dll
0x00007ffe77010000 - 0x00007ffe7705e000 	C:\Windows\System32\cfgmgr32.dll
0x00007ffe76f50000 - 0x00007ffe76f77000 	C:\Windows\System32\bcrypt.dll
0x000000005bf10000 - 0x000000005bf53000 	C:\Program Files\Java\jdk1.8.0_111\jre\bin\glass.dll
0x00007ffe78700000 - 0x00007ffe787da000 	C:\Windows\System32\COMDLG32.dll
0x00007ffe78ad0000 - 0x00007ffe78be5000 	C:\Windows\System32\MSCTF.dll
0x00007ffe77410000 - 0x00007ffe77493000 	C:\Windows\System32\bcryptPrimitives.dll
0x00007ffe682e0000 - 0x00007ffe68d1f000 	C:\Windows\SYSTEM32\igdusc64.dll
0x00007ffe68290000 - 0x00007ffe682cb000 	C:\Windows\SYSTEM32\dxcore.dll
0x000000005bee0000 - 0x000000005bf03000 	C:\Program Files\Java\jdk1.8.0_111\jre\bin\javafx_iio.dll
0x000000005bec0000 - 0x000000005bed4000 	C:\Program Files\Java\jdk1.8.0_111\jre\bin\javafx_font.dll
0x00007ffe624f0000 - 0x00007ffe6276f000 	C:\Windows\SYSTEM32\dwrite.dll
0x00007ffe79250000 - 0x00007ffe792f9000 	C:\Windows\System32\clbcatq.dll
0x00007ffe691a0000 - 0x00007ffe69354000 	C:\Windows\SYSTEM32\WindowsCodecs.dll
0x00007ffe5f2d0000 - 0x00007ffe5f30e000 	C:\Windows\system32\dataexchange.dll
0x00007ffe73490000 - 0x00007ffe73676000 	C:\Windows\system32\dcomp.dll
0x00007ffe726c0000 - 0x00007ffe72924000 	C:\Windows\system32\d3d11.dll
0x00007ffe75890000 - 0x00007ffe75984000 	C:\Windows\system32\dxgi.dll
0x00007ffe70090000 - 0x00007ffe70291000 	C:\Windows\system32\twinapi.appcore.dll
0x00007ffe5eec0000 - 0x00007ffe5eef4000 	C:\Program Files\Common Files\Microsoft Shared\Ink\rtscom.dll
0x00007ffe6bdd0000 - 0x00007ffe6bec9000 	C:\Windows\SYSTEM32\textinputframework.dll
0x00007ffe73b60000 - 0x00007ffe73c52000 	C:\Windows\System32\CoreMessaging.dll
0x00007ffe73c60000 - 0x00007ffe73fbe000 	C:\Windows\System32\CoreUIComponents.dll
0x00007ffe73680000 - 0x00007ffe737d4000 	C:\Windows\SYSTEM32\wintypes.dll
0x00007ffe75c90000 - 0x00007ffe75cc3000 	C:\Windows\SYSTEM32\ntmarta.dll
0x00007ffe5dc20000 - 0x00007ffe5dc86000 	C:\Windows\system32\Oleacc.dll
0x000000005bea0000 - 0x000000005beb1000 	C:\Program Files\Java\jdk1.8.0_111\jre\bin\prism_common.dll
0x000000005c390000 - 0x000000005c3aa000 	C:\Program Files\Java\jdk1.8.0_111\jre\bin\net.dll
0x00007ffe76660000 - 0x00007ffe766ca000 	C:\Windows\system32\mswsock.dll
0x00007ffe76390000 - 0x00007ffe7645c000 	C:\Windows\SYSTEM32\DNSAPI.dll
0x00007ffe76350000 - 0x00007ffe7638b000 	C:\Windows\SYSTEM32\IPHLPAPI.DLL
0x00007ffe79230000 - 0x00007ffe79238000 	C:\Windows\System32\NSI.dll
0x000000005cf40000 - 0x000000005cf66000 	C:\Program Files\Bonjour\mdnsNSP.dll
0x00007ffe6d520000 - 0x00007ffe6d52a000 	C:\Windows\System32\rasadhlp.dll
0x00007ffe6d1d0000 - 0x00007ffe6d24f000 	C:\Windows\System32\fwpuclnt.dll
0x00007ffe76840000 - 0x00007ffe76858000 	C:\Windows\SYSTEM32\CRYPTSP.dll
0x00007ffe76000000 - 0x00007ffe76034000 	C:\Windows\system32\rsaenh.dll
0x00007ffe76e50000 - 0x00007ffe76e7e000 	C:\Windows\SYSTEM32\USERENV.dll
0x00007ffe76830000 - 0x00007ffe7683c000 	C:\Windows\SYSTEM32\CRYPTBASE.dll
0x00007ffe6ed90000 - 0x00007ffe6eda7000 	C:\Windows\SYSTEM32\dhcpcsvc6.DLL
0x00007ffe6ed70000 - 0x00007ffe6ed8d000 	C:\Windows\SYSTEM32\dhcpcsvc.DLL
0x000000005c370000 - 0x000000005c381000 	C:\Program Files\Java\jdk1.8.0_111\jre\bin\nio.dll

VM Arguments:
jvm_args: -Dfile.encoding=UTF-8 
java_command: C:\Users\laqdo\Desktop\Projet_DB\Application\Covide19\dist\run1099941408\Covide19.jar
java_class_path (initial): C:\Users\laqdo\Desktop\Projet_DB\Application\Covide19\dist\run1099941408\Covide19.jar
Launcher Type: SUN_STANDARD

Environment Variables:
JAVA_HOME=C:\Program Files\Java\jdk-15.0.2
PATH=C:\ProgramData\Oracle\Java\javapath;C:\Program Files (x86)\VMware\VMware Workstation\bin\;C:\app\laqdo\product\18.0.0\dbhomeXE\bin;C:\Program Files (x86)\Common Files\Oracle\Java\javapath;C:\Program Files\Common Files\Oracle\Java\javapath;C:\Windows\system32;C:\Windows;C:\Windows\System32\Wbem;C:\Windows\System32\WindowsPowerShell\v1.0\;C:\Windows\System32\OpenSSH\;C:\Program Files\Microsoft VS Code\bin;C:\Program Files\Java\jdk-15.0.2\bin;C:\Program Files\Git\cmd;E:\Program Files\Android\Android Studio\jre;C:\Users\laqdo\AppData\Local\Microsoft\WindowsApps;C:\src\flutter\bin;
USERNAME=laqdo
OS=Windows_NT
PROCESSOR_IDENTIFIER=Intel64 Family 6 Model 69 Stepping 1, GenuineIntel



---------------  S Y S T E M  ---------------

OS: Windows 10.0 , 64 bit Build 19041 (10.0.19041.1023)

CPU:total 4 (2 cores per cpu, 2 threads per core) family 6 model 69 stepping 1, cmov, cx8, fxsr, mmx, sse, sse2, sse3, ssse3, sse4.1, sse4.2, popcnt, avx, avx2, aes, clmul, erms, lzcnt, ht, tsc, tscinvbit, bmi1, bmi2

Memory: 4k page, physical 8295764k(1131604k free), swap 16731376k(3456k free)

vm_info: Java HotSpot(TM) 64-Bit Server VM (25.111-b14) for windows-amd64 JRE (1.8.0_111-b14), built on Sep 22 2016 19:24:05 by "java_re" with MS VC++ 10.0 (VS2010)

time: Sat Jun 19 21:56:16 2021
elapsed time: 7 seconds (0d 0h 0m 7s)

